<?xml version="1.0" encoding="UTF-8"?>
<!-- Generated by org.testng.reporters.JUnitXMLReporter -->
<testsuite ignored="0" hostname="LAPTOP-CJE6AUSA" failures="0" tests="3" name="POMDataParametrization" time="58.343" errors="0" timestamp="2022-12-01T01:04:38 NZDT">
  <testcase classname="test.RunLogin" name="runCreateLead" time="0.164"/>
  <testcase classname="test.RunCreateLead" name="runCreateLead" time="14.581"/>
  <testcase classname="test.RunCreateLead" name="runCreateLead" time="12.439"/>
</testsuite> <!-- POMDataParametrization -->
